{"/home/giupolub/horizonte-do-saber/src/server.js": {"path":"/home/giupolub/horizonte-do-saber/src/server.js","statementMap":{"0":{"start":{"line":1,"column":16},"end":{"line":1,"column":34}},"1":{"start":{"line":2,"column":15},"end":{"line":2,"column":32}},"2":{"start":{"line":3,"column":13},"end":{"line":3,"column":28}},"3":{"start":{"line":4,"column":17},"end":{"line":4,"column":36}},"4":{"start":{"line":5,"column":19},"end":{"line":5,"column":49}},"5":{"start":{"line":7,"column":0},"end":{"line":7,"column":16}},"6":{"start":{"line":8,"column":12},"end":{"line":8,"column":21}},"7":{"start":{"line":9,"column":13},"end":{"line":9,"column":37}},"8":{"start":{"line":11,"column":0},"end":{"line":11,"column":16}},"9":{"start":{"line":12,"column":0},"end":{"line":12,"column":24}},"10":{"start":{"line":14,"column":0},"end":{"line":19,"column":1}},"11":{"start":{"line":15,"column":2},"end":{"line":18,"column":72}},"12":{"start":{"line":17,"column":16},"end":{"line":17,"column":52}},"13":{"start":{"line":18,"column":20},"end":{"line":18,"column":70}},"14":{"start":{"line":21,"column":0},"end":{"line":21,"column":58}},"15":{"start":{"line":21,"column":27},"end":{"line":21,"column":56}},"16":{"start":{"line":22,"column":0},"end":{"line":22,"column":30}},"17":{"start":{"line":24,"column":0},"end":{"line":24,"column":21}}},"fnMap":{"0":{"name":"(anonymous_0)","decl":{"start":{"line":17,"column":10},"end":{"line":17,"column":11}},"loc":{"start":{"line":17,"column":16},"end":{"line":17,"column":52}},"line":17},"1":{"name":"(anonymous_1)","decl":{"start":{"line":18,"column":11},"end":{"line":18,"column":12}},"loc":{"start":{"line":18,"column":20},"end":{"line":18,"column":70}},"line":18},"2":{"name":"(anonymous_2)","decl":{"start":{"line":21,"column":13},"end":{"line":21,"column":14}},"loc":{"start":{"line":21,"column":27},"end":{"line":21,"column":56}},"line":21}},"branchMap":{"0":{"loc":{"start":{"line":9,"column":13},"end":{"line":9,"column":37}},"type":"binary-expr","locations":[{"start":{"line":9,"column":13},"end":{"line":9,"column":29}},{"start":{"line":9,"column":33},"end":{"line":9,"column":37}}],"line":9},"1":{"loc":{"start":{"line":14,"column":0},"end":{"line":19,"column":1}},"type":"if","locations":[{"start":{"line":14,"column":0},"end":{"line":19,"column":1}},{"start":{},"end":{}}],"line":14}},"s":{"0":1,"1":1,"2":1,"3":1,"4":1,"5":1,"6":1,"7":1,"8":1,"9":1,"10":1,"11":0,"12":0,"13":0,"14":1,"15":0,"16":1,"17":1},"f":{"0":0,"1":0,"2":0},"b":{"0":[1,0],"1":[0,1]},"_coverageSchema":"1a1c01bbd47fc00a2c39e90264f33305004495a9","hash":"4897f6e605cdeb2570994ef359418e0e7a188d25"}
,"/home/giupolub/horizonte-do-saber/src/models/Post.js": {"path":"/home/giupolub/horizonte-do-saber/src/models/Post.js","statementMap":{"0":{"start":{"line":1,"column":17},"end":{"line":1,"column":36}},"1":{"start":{"line":3,"column":19},"end":{"line":10,"column":1}},"2":{"start":{"line":12,"column":0},"end":{"line":12,"column":52}}},"fnMap":{},"branchMap":{},"s":{"0":1,"1":1,"2":1},"f":{},"b":{},"_coverageSchema":"1a1c01bbd47fc00a2c39e90264f33305004495a9","hash":"59a6fbc4edf41515b70a15cf2c53c0d5b30d4d9f"}
,"/home/giupolub/horizonte-do-saber/src/routes/postRoutes.js": {"path":"/home/giupolub/horizonte-do-saber/src/routes/postRoutes.js","statementMap":{"0":{"start":{"line":1,"column":16},"end":{"line":1,"column":34}},"1":{"start":{"line":2,"column":13},"end":{"line":2,"column":38}},"2":{"start":{"line":3,"column":15},"end":{"line":3,"column":31}},"3":{"start":{"line":5,"column":0},"end":{"line":14,"column":3}},"4":{"start":{"line":6,"column":2},"end":{"line":13,"column":3}},"5":{"start":{"line":7,"column":40},"end":{"line":7,"column":48}},"6":{"start":{"line":8,"column":21},"end":{"line":8,"column":58}},"7":{"start":{"line":9,"column":4},"end":{"line":9,"column":26}},"8":{"start":{"line":10,"column":4},"end":{"line":10,"column":35}},"9":{"start":{"line":12,"column":4},"end":{"line":12,"column":63}},"10":{"start":{"line":16,"column":0},"end":{"line":23,"column":3}},"11":{"start":{"line":17,"column":2},"end":{"line":22,"column":3}},"12":{"start":{"line":18,"column":18},"end":{"line":18,"column":59}},"13":{"start":{"line":19,"column":4},"end":{"line":19,"column":20}},"14":{"start":{"line":21,"column":4},"end":{"line":21,"column":65}},"15":{"start":{"line":25,"column":0},"end":{"line":41,"column":3}},"16":{"start":{"line":26,"column":2},"end":{"line":40,"column":3}},"17":{"start":{"line":27,"column":18},"end":{"line":27,"column":27}},"18":{"start":{"line":28,"column":4},"end":{"line":28,"column":81}},"19":{"start":{"line":28,"column":12},"end":{"line":28,"column":81}},"20":{"start":{"line":30,"column":18},"end":{"line":35,"column":30}},"21":{"start":{"line":37,"column":4},"end":{"line":37,"column":20}},"22":{"start":{"line":39,"column":4},"end":{"line":39,"column":65}},"23":{"start":{"line":43,"column":0},"end":{"line":51,"column":3}},"24":{"start":{"line":44,"column":2},"end":{"line":50,"column":3}},"25":{"start":{"line":45,"column":17},"end":{"line":45,"column":51}},"26":{"start":{"line":46,"column":4},"end":{"line":46,"column":78}},"27":{"start":{"line":46,"column":15},"end":{"line":46,"column":78}},"28":{"start":{"line":47,"column":4},"end":{"line":47,"column":19}},"29":{"start":{"line":49,"column":4},"end":{"line":49,"column":64}},"30":{"start":{"line":53,"column":0},"end":{"line":67,"column":3}},"31":{"start":{"line":54,"column":2},"end":{"line":66,"column":3}},"32":{"start":{"line":55,"column":40},"end":{"line":55,"column":48}},"33":{"start":{"line":56,"column":27},"end":{"line":60,"column":5}},"34":{"start":{"line":61,"column":4},"end":{"line":62,"column":69}},"35":{"start":{"line":62,"column":6},"end":{"line":62,"column":69}},"36":{"start":{"line":63,"column":4},"end":{"line":63,"column":29}},"37":{"start":{"line":65,"column":4},"end":{"line":65,"column":67}},"38":{"start":{"line":69,"column":0},"end":{"line":78,"column":3}},"39":{"start":{"line":70,"column":2},"end":{"line":77,"column":3}},"40":{"start":{"line":71,"column":25},"end":{"line":71,"column":68}},"41":{"start":{"line":72,"column":4},"end":{"line":73,"column":69}},"42":{"start":{"line":73,"column":6},"end":{"line":73,"column":69}},"43":{"start":{"line":74,"column":4},"end":{"line":74,"column":56}},"44":{"start":{"line":76,"column":4},"end":{"line":76,"column":65}},"45":{"start":{"line":80,"column":0},"end":{"line":80,"column":24}}},"fnMap":{"0":{"name":"(anonymous_0)","decl":{"start":{"line":5,"column":17},"end":{"line":5,"column":18}},"loc":{"start":{"line":5,"column":37},"end":{"line":14,"column":1}},"line":5},"1":{"name":"(anonymous_1)","decl":{"start":{"line":16,"column":16},"end":{"line":16,"column":17}},"loc":{"start":{"line":16,"column":36},"end":{"line":23,"column":1}},"line":16},"2":{"name":"(anonymous_2)","decl":{"start":{"line":25,"column":22},"end":{"line":25,"column":23}},"loc":{"start":{"line":25,"column":42},"end":{"line":41,"column":1}},"line":25},"3":{"name":"(anonymous_3)","decl":{"start":{"line":43,"column":19},"end":{"line":43,"column":20}},"loc":{"start":{"line":43,"column":39},"end":{"line":51,"column":1}},"line":43},"4":{"name":"(anonymous_4)","decl":{"start":{"line":53,"column":19},"end":{"line":53,"column":20}},"loc":{"start":{"line":53,"column":39},"end":{"line":67,"column":1}},"line":53},"5":{"name":"(anonymous_5)","decl":{"start":{"line":69,"column":22},"end":{"line":69,"column":23}},"loc":{"start":{"line":69,"column":42},"end":{"line":78,"column":1}},"line":69}},"branchMap":{"0":{"loc":{"start":{"line":28,"column":4},"end":{"line":28,"column":81}},"type":"if","locations":[{"start":{"line":28,"column":4},"end":{"line":28,"column":81}},{"start":{},"end":{}}],"line":28},"1":{"loc":{"start":{"line":46,"column":4},"end":{"line":46,"column":78}},"type":"if","locations":[{"start":{"line":46,"column":4},"end":{"line":46,"column":78}},{"start":{},"end":{}}],"line":46},"2":{"loc":{"start":{"line":61,"column":4},"end":{"line":62,"column":69}},"type":"if","locations":[{"start":{"line":61,"column":4},"end":{"line":62,"column":69}},{"start":{},"end":{}}],"line":61},"3":{"loc":{"start":{"line":72,"column":4},"end":{"line":73,"column":69}},"type":"if","locations":[{"start":{"line":72,"column":4},"end":{"line":73,"column":69}},{"start":{},"end":{}}],"line":72}},"s":{"0":1,"1":1,"2":1,"3":1,"4":1,"5":1,"6":1,"7":1,"8":1,"9":0,"10":1,"11":1,"12":1,"13":1,"14":0,"15":1,"16":1,"17":1,"18":1,"19":0,"20":1,"21":1,"22":0,"23":1,"24":1,"25":1,"26":1,"27":0,"28":1,"29":0,"30":1,"31":1,"32":1,"33":1,"34":1,"35":0,"36":1,"37":0,"38":1,"39":1,"40":1,"41":1,"42":0,"43":1,"44":0,"45":1},"f":{"0":1,"1":1,"2":1,"3":1,"4":1,"5":1},"b":{"0":[0,1],"1":[0,1],"2":[0,1],"3":[0,1]},"_coverageSchema":"1a1c01bbd47fc00a2c39e90264f33305004495a9","hash":"4000b94bfe4528df2847ef42a3dcd9ec3c2efe3c"}
}
