TN:
SF:src/server.js
FN:17,(anonymous_0)
FN:18,(anonymous_1)
FN:21,(anonymous_2)
FNF:3
FNH:0
FNDA:0,(anonymous_0)
FNDA:0,(anonymous_1)
FNDA:0,(anonymous_2)
DA:1,1
DA:2,1
DA:3,1
DA:4,1
DA:5,1
DA:7,1
DA:8,1
DA:9,1
DA:11,1
DA:12,1
DA:14,1
DA:15,0
DA:17,0
DA:18,0
DA:21,1
DA:22,1
DA:24,1
LF:17
LH:14
BRDA:9,0,0,1
BRDA:9,0,1,0
BRDA:14,1,0,0
BRDA:14,1,1,1
BRF:4
BRH:2
end_of_record
TN:
SF:src/models/Post.js
FNF:0
FNH:0
DA:1,1
DA:3,1
DA:12,1
LF:3
LH:3
BRF:0
BRH:0
end_of_record
TN:
SF:src/routes/postRoutes.js
FN:5,(anonymous_0)
FN:16,(anonymous_1)
FN:25,(anonymous_2)
FN:43,(anonymous_3)
FN:53,(anonymous_4)
FN:69,(anonymous_5)
FNF:6
FNH:6
FNDA:1,(anonymous_0)
FNDA:1,(anonymous_1)
FNDA:1,(anonymous_2)
FNDA:1,(anonymous_3)
FNDA:1,(anonymous_4)
FNDA:1,(anonymous_5)
DA:1,1
DA:2,1
DA:3,1
DA:5,1
DA:6,1
DA:7,1
DA:8,1
DA:9,1
DA:10,1
DA:12,0
DA:16,1
DA:17,1
DA:18,1
DA:19,1
DA:21,0
DA:25,1
DA:26,1
DA:27,1
DA:28,1
DA:30,1
DA:37,1
DA:39,0
DA:43,1
DA:44,1
DA:45,1
DA:46,1
DA:47,1
DA:49,0
DA:53,1
DA:54,1
DA:55,1
DA:56,1
DA:61,1
DA:62,0
DA:63,1
DA:65,0
DA:69,1
DA:70,1
DA:71,1
DA:72,1
DA:73,0
DA:74,1
DA:76,0
DA:80,1
LF:44
LH:36
BRDA:28,0,0,0
BRDA:28,0,1,1
BRDA:46,1,0,0
BRDA:46,1,1,1
BRDA:61,2,0,0
BRDA:61,2,1,1
BRDA:72,3,0,0
BRDA:72,3,1,1
BRF:8
BRH:4
end_of_record
